<?xml version="1.0" encoding="UTF-8" ?>
<testsuite errors="0" failures="0" hostname="192-168-1-7.tpgi.com.au" name="org.moeaframework.algorithm.NSGAIITest" skipped="0" tests="6" time="26.945" timestamp="2020-04-20T08:56:58">
  <properties>
[...]
</properties>
  <testcase classname="org.moeaframework.algorithm.NSGAIITest" name="testUF1" time="6.503" />
  <testcase classname="org.moeaframework.algorithm.NSGAIITest" name="testDTLZ1" time="4.343" />
  <testcase classname="org.moeaframework.algorithm.NSGAIITest" name="testDTLZ2" time="5.203" />
  <testcase classname="org.moeaframework.algorithm.NSGAIITest" name="testDTLZ7" time="5.003" />
  <testcase classname="org.moeaframework.algorithm.NSGAIITest" name="testSelection" time="4.942" />
  <testcase classname="org.moeaframework.algorithm.NSGAIITest" name="testSelectionIsUnique" time="0.877" />
  <system-out><![CDATA[]]></system-out>
  <system-err><![CDATA[]]></system-err>
</testsuite>
